<?xml version="1.0" encoding="UTF-8"?>
<!-- Generated by org.testng.reporters.JUnitReportReporter -->
<testsuite skipped="0" hostname="Balaji" name="com.ust.magetnotest.BaseTest" tests="1" failures="0" timestamp="09 Nov 2018 09:27:44 GMT" time="22.881" errors="0">
  <testcase name="magentoTest" time="22.881" classname="com.ust.magetnotest.BaseTest"/>
</testsuite> <!-- com.ust.magetnotest.BaseTest -->
